<?xml version="1.0" encoding="UTF-8"?>
<!-- Generated by org.testng.reporters.JUnitReportReporter -->
<testsuite hostname="saurabhs-MacBook-Air.local" failures="0" tests="1" name="com.RCRM.tests.undrosTest" time="26.433" errors="0" timestamp="2022-08-15T16:20:00 IST" skipped="0">
  <testcase classname="com.RCRM.tests.undrosTest" name="Recharge" time="26.433"/>
  <system-out/>
</testsuite> <!-- com.RCRM.tests.undrosTest -->
